rewrite (
  -> (
    d (
      'a
      h (
        'b
        'a
      )
    )
    YES (
      'a
      'b
    )
  )
  -> (
    d (
      'a
      h (
        'b
        'b
      )
    )
    OUI (
      'a
      'b
    )
  )
  TEST (
    d (
      t (
        r
      )
      h (
        *
        t (
          r
        )
      )
    )
    d (
      t
      h (
        u
        u
      )
    )
  )
)
rewrite ( -> ( d ( 'a h ( 'b 'a ) ) YES ( 'a 'b ) ) -> ( d ( 'a h ( 'b 'b ) ) OUI ( 'a 'b ) ) TEST ( d ( t ( r ) h ( * t ( r ) ) ) d ( t h ( u u ) ) ) ) 
results ( TEST ( YES ( t ( r ) * ) d ( t h ( u u ) ) ) TEST ( d ( t ( r ) h ( * t ( r ) ) ) OUI ( t u ) ) ) 
