unify (
  = (
    'a
    AA (
      'b
      'c
    )
  )
  = (
    'd
    DD (
      'a
      'b
      'c
    )
  )
  = (
    AA (
      'f
      'f
    )
    AA (
      $ (
        'a
        'd
      )
      $ (
        'a
        'd
      )
    )
  )
  = (
    W (
      'b
    )
    W (
      g (
        'e
      )
    )
  )
  = (
    W (
      'b
      'c
    )
    W (
      g (
        'e
      )
      'b
    )
  )
)
unify ( = ( 'a AA ( 'b 'c ) ) = ( 'd DD ( 'a 'b 'c ) ) = ( AA ( 'f 'f ) AA ( $ ( 'a 'd ) $ ( 'a 'd ) ) ) = ( W ( 'b ) W ( g ( 'e ) ) ) = ( W ( 'b 'c ) W ( g ( 'e ) 'b ) ) ) 
solution ( val ( 'a AA ( g ( 'e ) g ( 'e ) ) ) val ( 'd DD ( AA ( g ( 'e ) g ( 'e ) ) g ( 'e ) g ( 'e ) ) ) val ( 'f $ ( AA ( g ( 'e ) g ( 'e ) ) DD ( AA ( g ( 'e ) g ( 'e ) ) g ( 'e ) g ( 'e ) ) ) ) val ( 'b g ( 'e ) ) val ( 'c g ( 'e ) ) ) 
