set (
  'y
  Y
  set (
    'x
    XX (
      'y
      'z
    )
    * (
      'y
      'x
      a (
        set (
          'y
          YYY
          set (
            'x
            ZZ (
              'z
              'y
            )
            b (
              'x
              '
              x
              'y
            )
          )
        )
      )
    )
  )
)
set ( 'y Y set ( 'x XX ( 'y 'z ) * ( 'y 'x a ( set ( 'y YYY set ( 'x ZZ ( 'z 'y ) b ( 'x ' x 'y ) ) ) ) ) ) ) 
* ( Y XX ( Y 'z ) a ( b ( ZZ ( 'z YYY ) ' x YYY ) ) ) 
